This file contains any messages produced by compilers while
running configure, to aid debugging if configure makes a mistake.

It was created by su2 configure 1.2.0, which was
generated by GNU Autoconf 2.69.  Invocation command line was

  $ ./configure CPPFLAGS=-DDEBUG

## --------- ##
## Platform. ##
## --------- ##

hostname = DESKTOP-VMSACVE
uname -m = x86_64
uname -r = 4.4.0-19041-Microsoft
uname -s = Linux
uname -v = #488-Microsoft Mon Sep 01 13:43:00 PST 2020

/usr/bin/uname -p = unknown
/bin/uname -X     = unknown

/bin/arch              = unknown
/usr/bin/arch -k       = unknown
/usr/convex/getsysinfo = unknown
/usr/bin/hostinfo      = unknown
/bin/machine           = unknown
/usr/bin/oslevel       = unknown
/bin/universe          = unknown

PATH: /home/emazi/.local/bin
PATH: /usr/local/sbin
PATH: /usr/local/bin
PATH: /usr/sbin
PATH: /usr/bin
PATH: /sbin
PATH: /bin
PATH: /usr/games
PATH: /usr/local/games
PATH: /mnt/c/Program Files/ImageMagick-7.0.10-Q16
PATH: /mnt/c/ProgramData/Oracle/Java/javapath
PATH: /mnt/c/WINDOWS/system32
PATH: /mnt/c/WINDOWS
PATH: /mnt/c/WINDOWS/System32/Wbem
PATH: /mnt/c/WINDOWS/System32/WindowsPowerShell/v1.0/
PATH: /mnt/c/WINDOWS/System32/OpenSSH/
PATH: /mnt/c/Program Files/MATLAB/R2020a/runtime/win64
PATH: /mnt/c/Program Files/MATLAB/R2020a/bin
PATH: /mnt/c/Program Files (x86)/Wolfram Research/WolframScript/
PATH: /mnt/c/Users/e.zippo/AppData/Local/Microsoft/WindowsApps
PATH: /mnt/c/Users/e.zippo/AppData/Local/Programs/MiKTeX 2.9/miktex/bin/x64/
PATH: /mnt/c/Users/e.zippo/AppData/Local/Programs/Git/cmd
PATH: /mnt/c/Users/e.zippo/AppData/Local/atom/bin
PATH: /snap/bin


## ----------- ##
## Core tests. ##
## ----------- ##

configure:2198: checking for a BSD-compatible install
configure:2266: result: /usr/bin/install -c
configure:2277: checking whether build environment is sane
configure:2332: result: yes
configure:2483: checking for a thread-safe mkdir -p
configure:2522: result: /bin/mkdir -p
configure:2529: checking for gawk
configure:2545: found /usr/bin/gawk
configure:2556: result: gawk
configure:2567: checking whether make sets $(MAKE)
configure:2589: result: yes
configure:2618: checking whether make supports nested variables
configure:2635: result: yes
configure:2784: checking for gawk
configure:2811: result: gawk
configure:2870: checking for gcc
configure:2886: found /usr/bin/gcc
configure:2897: result: gcc
configure:3126: checking for C compiler version
configure:3135: gcc --version >&5
gcc (Ubuntu 7.5.0-3ubuntu1~18.04) 7.5.0
Copyright (C) 2017 Free Software Foundation, Inc.
This is free software; see the source for copying conditions.  There is NO
warranty; not even for MERCHANTABILITY or FITNESS FOR A PARTICULAR PURPOSE.

configure:3146: $? = 0
configure:3135: gcc -v >&5
Using built-in specs.
COLLECT_GCC=gcc
COLLECT_LTO_WRAPPER=/usr/lib/gcc/x86_64-linux-gnu/7/lto-wrapper
OFFLOAD_TARGET_NAMES=nvptx-none
OFFLOAD_TARGET_DEFAULT=1
Target: x86_64-linux-gnu
Configured with: ../src/configure -v --with-pkgversion='Ubuntu 7.5.0-3ubuntu1~18.04' --with-bugurl=file:///usr/share/doc/gcc-7/README.Bugs --enable-languages=c,ada,c++,go,brig,d,fortran,objc,obj-c++ --prefix=/usr --with-gcc-major-version-only --program-suffix=-7 --program-prefix=x86_64-linux-gnu- --enable-shared --enable-linker-build-id --libexecdir=/usr/lib --without-included-gettext --enable-threads=posix --libdir=/usr/lib --enable-nls --enable-bootstrap --enable-clocale=gnu --enable-libstdcxx-debug --enable-libstdcxx-time=yes --with-default-libstdcxx-abi=new --enable-gnu-unique-object --disable-vtable-verify --enable-libmpx --enable-plugin --enable-default-pie --with-system-zlib --with-target-system-zlib --enable-objc-gc=auto --enable-multiarch --disable-werror --with-arch-32=i686 --with-abi=m64 --with-multilib-list=m32,m64,mx32 --enable-multilib --with-tune=generic --enable-offload-targets=nvptx-none --without-cuda-driver --enable-checking=release --build=x86_64-linux-gnu --host=x86_64-linux-gnu --target=x86_64-linux-gnu
Thread model: posix
gcc version 7.5.0 (Ubuntu 7.5.0-3ubuntu1~18.04) 
configure:3146: $? = 0
configure:3135: gcc -V >&5
gcc: error: unrecognized command line option '-V'
gcc: fatal error: no input files
compilation terminated.
configure:3146: $? = 1
configure:3135: gcc -qversion >&5
gcc: error: unrecognized command line option '-qversion'; did you mean '--version'?
gcc: fatal error: no input files
compilation terminated.
configure:3146: $? = 1
configure:3166: checking whether the C compiler works
configure:3188: gcc  -DDEBUG  conftest.c  >&5
configure:3192: $? = 0
configure:3240: result: yes
configure:3243: checking for C compiler default output file name
configure:3245: result: a.out
configure:3251: checking for suffix of executables
configure:3258: gcc -o conftest  -DDEBUG  conftest.c  >&5
configure:3262: $? = 0
configure:3284: result: 
configure:3306: checking whether we are cross compiling
configure:3314: gcc -o conftest  -DDEBUG  conftest.c  >&5
configure:3318: $? = 0
configure:3325: ./conftest
configure:3329: $? = 0
configure:3344: result: no
configure:3349: checking for suffix of object files
configure:3371: gcc -c  -DDEBUG conftest.c >&5
configure:3375: $? = 0
configure:3396: result: o
configure:3400: checking whether we are using the GNU C compiler
configure:3419: gcc -c  -DDEBUG conftest.c >&5
configure:3419: $? = 0
configure:3428: result: yes
configure:3437: checking whether gcc accepts -g
configure:3457: gcc -c -g -DDEBUG conftest.c >&5
configure:3457: $? = 0
configure:3498: result: yes
configure:3515: checking for gcc option to accept ISO C89
configure:3578: gcc  -c  -DDEBUG conftest.c >&5
configure:3578: $? = 0
configure:3591: result: none needed
configure:3616: checking whether gcc understands -c and -o together
configure:3638: gcc -c conftest.c -o conftest2.o
configure:3641: $? = 0
configure:3638: gcc -c conftest.c -o conftest2.o
configure:3641: $? = 0
configure:3653: result: yes
configure:3681: checking for style of include used by make
configure:3709: result: GNU
configure:3735: checking dependency style of gcc
configure:3846: result: gcc3
configure:3870: checking how to run the C preprocessor
configure:3901: gcc -E -DDEBUG conftest.c
configure:3901: $? = 0
configure:3915: gcc -E -DDEBUG conftest.c
conftest.c:11:10: fatal error: ac_nonexistent.h: No such file or directory
 #include <ac_nonexistent.h>
          ^~~~~~~~~~~~~~~~~~
compilation terminated.
configure:3915: $? = 1
configure: failed program was:
| /* confdefs.h */
| #define PACKAGE_NAME "su2"
| #define PACKAGE_TARNAME "su2"
| #define PACKAGE_VERSION "1.2.0"
| #define PACKAGE_STRING "su2 1.2.0"
| #define PACKAGE_BUGREPORT "emanuele.zippo@gmail.com"
| #define PACKAGE_URL ""
| #define PACKAGE "su2"
| #define VERSION "1.2.0"
| /* end confdefs.h.  */
| #include <ac_nonexistent.h>
configure:3940: result: gcc -E
configure:3960: gcc -E -DDEBUG conftest.c
configure:3960: $? = 0
configure:3974: gcc -E -DDEBUG conftest.c
conftest.c:11:10: fatal error: ac_nonexistent.h: No such file or directory
 #include <ac_nonexistent.h>
          ^~~~~~~~~~~~~~~~~~
compilation terminated.
configure:3974: $? = 1
configure: failed program was:
| /* confdefs.h */
| #define PACKAGE_NAME "su2"
| #define PACKAGE_TARNAME "su2"
| #define PACKAGE_VERSION "1.2.0"
| #define PACKAGE_STRING "su2 1.2.0"
| #define PACKAGE_BUGREPORT "emanuele.zippo@gmail.com"
| #define PACKAGE_URL ""
| #define PACKAGE "su2"
| #define VERSION "1.2.0"
| /* end confdefs.h.  */
| #include <ac_nonexistent.h>
configure:4003: checking for grep that handles long lines and -e
configure:4061: result: /bin/grep
configure:4066: checking for egrep
configure:4128: result: /bin/grep -E
configure:4133: checking for ANSI C header files
configure:4153: gcc -c  -DDEBUG conftest.c >&5
configure:4153: $? = 0
configure:4226: gcc -o conftest  -DDEBUG  conftest.c  >&5
configure:4226: $? = 0
configure:4226: ./conftest
configure:4226: $? = 0
configure:4237: result: yes
configure:4250: checking for sys/types.h
configure:4250: gcc -c  -DDEBUG conftest.c >&5
configure:4250: $? = 0
configure:4250: result: yes
configure:4250: checking for sys/stat.h
configure:4250: gcc -c  -DDEBUG conftest.c >&5
configure:4250: $? = 0
configure:4250: result: yes
configure:4250: checking for stdlib.h
configure:4250: gcc -c  -DDEBUG conftest.c >&5
configure:4250: $? = 0
configure:4250: result: yes
configure:4250: checking for string.h
configure:4250: gcc -c  -DDEBUG conftest.c >&5
configure:4250: $? = 0
configure:4250: result: yes
configure:4250: checking for memory.h
configure:4250: gcc -c  -DDEBUG conftest.c >&5
configure:4250: $? = 0
configure:4250: result: yes
configure:4250: checking for strings.h
configure:4250: gcc -c  -DDEBUG conftest.c >&5
configure:4250: $? = 0
configure:4250: result: yes
configure:4250: checking for inttypes.h
configure:4250: gcc -c  -DDEBUG conftest.c >&5
configure:4250: $? = 0
configure:4250: result: yes
configure:4250: checking for stdint.h
configure:4250: gcc -c  -DDEBUG conftest.c >&5
configure:4250: $? = 0
configure:4250: result: yes
configure:4250: checking for unistd.h
configure:4250: gcc -c  -DDEBUG conftest.c >&5
configure:4250: $? = 0
configure:4250: result: yes
configure:4264: checking complex.h usability
configure:4264: gcc -c  -DDEBUG conftest.c >&5
configure:4264: $? = 0
configure:4264: result: yes
configure:4264: checking complex.h presence
configure:4264: gcc -E -DDEBUG conftest.c
configure:4264: $? = 0
configure:4264: result: yes
configure:4264: checking for complex.h
configure:4264: result: yes
configure:4279: checking limits.h usability
configure:4279: gcc -c  -DDEBUG conftest.c >&5
configure:4279: $? = 0
configure:4279: result: yes
configure:4279: checking limits.h presence
configure:4279: gcc -E -DDEBUG conftest.c
configure:4279: $? = 0
configure:4279: result: yes
configure:4279: checking for limits.h
configure:4279: result: yes
configure:4294: checking math.h usability
configure:4294: gcc -c  -DDEBUG conftest.c >&5
configure:4294: $? = 0
configure:4294: result: yes
configure:4294: checking math.h presence
configure:4294: gcc -E -DDEBUG conftest.c
configure:4294: $? = 0
configure:4294: result: yes
configure:4294: checking for math.h
configure:4294: result: yes
configure:4309: checking openssl/md5.h usability
configure:4309: gcc -c  -DDEBUG conftest.c >&5
configure:4309: $? = 0
configure:4309: result: yes
configure:4309: checking openssl/md5.h presence
configure:4309: gcc -E -DDEBUG conftest.c
configure:4309: $? = 0
configure:4309: result: yes
configure:4309: checking for openssl/md5.h
configure:4309: result: yes
configure:4324: checking stdio.h usability
configure:4324: gcc -c  -DDEBUG conftest.c >&5
configure:4324: $? = 0
configure:4324: result: yes
configure:4324: checking stdio.h presence
configure:4324: gcc -E -DDEBUG conftest.c
configure:4324: $? = 0
configure:4324: result: yes
configure:4324: checking for stdio.h
configure:4324: result: yes
configure:4339: checking for stdlib.h
configure:4339: result: yes
configure:4354: checking time.h usability
configure:4354: gcc -c  -DDEBUG conftest.c >&5
configure:4354: $? = 0
configure:4354: result: yes
configure:4354: checking time.h presence
configure:4354: gcc -E -DDEBUG conftest.c
configure:4354: $? = 0
configure:4354: result: yes
configure:4354: checking for time.h
configure:4354: result: yes
configure:4369: checking for library containing MD5_Init
configure:4400: gcc -o conftest  -DDEBUG  conftest.c  >&5
/tmp/ccex50IG.o: In function `main':
conftest.c:(.text+0xa): undefined reference to `MD5_Init'
collect2: error: ld returned 1 exit status
configure:4400: $? = 1
configure: failed program was:
| /* confdefs.h */
| #define PACKAGE_NAME "su2"
| #define PACKAGE_TARNAME "su2"
| #define PACKAGE_VERSION "1.2.0"
| #define PACKAGE_STRING "su2 1.2.0"
| #define PACKAGE_BUGREPORT "emanuele.zippo@gmail.com"
| #define PACKAGE_URL ""
| #define PACKAGE "su2"
| #define VERSION "1.2.0"
| #define STDC_HEADERS 1
| #define HAVE_SYS_TYPES_H 1
| #define HAVE_SYS_STAT_H 1
| #define HAVE_STDLIB_H 1
| #define HAVE_STRING_H 1
| #define HAVE_MEMORY_H 1
| #define HAVE_STRINGS_H 1
| #define HAVE_INTTYPES_H 1
| #define HAVE_STDINT_H 1
| #define HAVE_UNISTD_H 1
| #define HAVE_COMPLEX_H 1
| #define HAVE_LIMITS_H 1
| #define HAVE_MATH_H 1
| #define HAVE_OPENSSL_MD5_H 1
| #define HAVE_STDIO_H 1
| #define HAVE_STDLIB_H 1
| #define HAVE_TIME_H 1
| /* end confdefs.h.  */
| 
| /* Override any GCC internal prototype to avoid an error.
|    Use char because int might match the return type of a GCC
|    builtin and then its argument prototype would still apply.  */
| #ifdef __cplusplus
| extern "C"
| #endif
| char MD5_Init ();
| int
| main ()
| {
| return MD5_Init ();
|   ;
|   return 0;
| }
configure:4400: gcc -o conftest  -DDEBUG  conftest.c -lcrypto   >&5
configure:4400: $? = 0
configure:4417: result: -lcrypto
configure:4428: checking for library containing sqrt
configure:4459: gcc -o conftest  -DDEBUG  conftest.c -lcrypto  >&5
conftest.c:35:6: warning: conflicting types for built-in function 'sqrt' [-Wbuiltin-declaration-mismatch]
 char sqrt ();
      ^~~~
/tmp/ccr2GU61.o: In function `main':
conftest.c:(.text+0xa): undefined reference to `sqrt'
collect2: error: ld returned 1 exit status
configure:4459: $? = 1
configure: failed program was:
| /* confdefs.h */
| #define PACKAGE_NAME "su2"
| #define PACKAGE_TARNAME "su2"
| #define PACKAGE_VERSION "1.2.0"
| #define PACKAGE_STRING "su2 1.2.0"
| #define PACKAGE_BUGREPORT "emanuele.zippo@gmail.com"
| #define PACKAGE_URL ""
| #define PACKAGE "su2"
| #define VERSION "1.2.0"
| #define STDC_HEADERS 1
| #define HAVE_SYS_TYPES_H 1
| #define HAVE_SYS_STAT_H 1
| #define HAVE_STDLIB_H 1
| #define HAVE_STRING_H 1
| #define HAVE_MEMORY_H 1
| #define HAVE_STRINGS_H 1
| #define HAVE_INTTYPES_H 1
| #define HAVE_STDINT_H 1
| #define HAVE_UNISTD_H 1
| #define HAVE_COMPLEX_H 1
| #define HAVE_LIMITS_H 1
| #define HAVE_MATH_H 1
| #define HAVE_OPENSSL_MD5_H 1
| #define HAVE_STDIO_H 1
| #define HAVE_STDLIB_H 1
| #define HAVE_TIME_H 1
| /* end confdefs.h.  */
| 
| /* Override any GCC internal prototype to avoid an error.
|    Use char because int might match the return type of a GCC
|    builtin and then its argument prototype would still apply.  */
| #ifdef __cplusplus
| extern "C"
| #endif
| char sqrt ();
| int
| main ()
| {
| return sqrt ();
|   ;
|   return 0;
| }
configure:4459: gcc -o conftest  -DDEBUG  conftest.c -lm  -lcrypto  >&5
conftest.c:35:6: warning: conflicting types for built-in function 'sqrt' [-Wbuiltin-declaration-mismatch]
 char sqrt ();
      ^~~~
configure:4459: $? = 0
configure:4476: result: -lm
configure:4488: checking for inline
configure:4504: gcc -c  -DDEBUG conftest.c >&5
configure:4504: $? = 0
configure:4512: result: inline
configure:4530: checking for uint32_t
configure:4530: gcc -c  -DDEBUG conftest.c >&5
configure:4530: $? = 0
configure:4530: result: yes
configure:4544: checking for uint64_t
configure:4544: gcc -c  -DDEBUG conftest.c >&5
configure:4544: $? = 0
configure:4544: result: yes
configure:4713: WARNING:
   *****
   No chosen value for ST_dim: using the default ST_dim=4
   *****
   
configure:4847: checking that generated files are newer than configure
configure:4853: result: done
configure:4876: creating ./config.status

## ---------------------- ##
## Running config.status. ##
## ---------------------- ##

This file was extended by su2 config.status 1.2.0, which was
generated by GNU Autoconf 2.69.  Invocation command line was

  CONFIG_FILES    = 
  CONFIG_HEADERS  = 
  CONFIG_LINKS    = 
  CONFIG_COMMANDS = 
  $ ./config.status 

on DESKTOP-VMSACVE

config.status:865: creating Makefile
config.status:865: creating config.h
config.status:1046: config.h is unchanged
config.status:1094: executing depfiles commands

## ---------------- ##
## Cache variables. ##
## ---------------- ##

ac_cv_c_compiler_gnu=yes
ac_cv_c_inline=inline
ac_cv_c_uint32_t=yes
ac_cv_c_uint64_t=yes
ac_cv_env_CC_set=
ac_cv_env_CC_value=
ac_cv_env_CFLAGS_set=
ac_cv_env_CFLAGS_value=
ac_cv_env_CPPFLAGS_set=set
ac_cv_env_CPPFLAGS_value=-DDEBUG
ac_cv_env_CPP_set=
ac_cv_env_CPP_value=
ac_cv_env_LDFLAGS_set=
ac_cv_env_LDFLAGS_value=
ac_cv_env_LIBS_set=
ac_cv_env_LIBS_value=
ac_cv_env_Num_threads_set=
ac_cv_env_Num_threads_value=
ac_cv_env_ST_dim_set=
ac_cv_env_ST_dim_value=
ac_cv_env_build_alias_set=
ac_cv_env_build_alias_value=
ac_cv_env_host_alias_set=
ac_cv_env_host_alias_value=
ac_cv_env_target_alias_set=
ac_cv_env_target_alias_value=
ac_cv_header_complex_h=yes
ac_cv_header_inttypes_h=yes
ac_cv_header_limits_h=yes
ac_cv_header_math_h=yes
ac_cv_header_memory_h=yes
ac_cv_header_openssl_md5_h=yes
ac_cv_header_stdc=yes
ac_cv_header_stdint_h=yes
ac_cv_header_stdio_h=yes
ac_cv_header_stdlib_h=yes
ac_cv_header_string_h=yes
ac_cv_header_strings_h=yes
ac_cv_header_sys_stat_h=yes
ac_cv_header_sys_types_h=yes
ac_cv_header_time_h=yes
ac_cv_header_unistd_h=yes
ac_cv_objext=o
ac_cv_path_EGREP='/bin/grep -E'
ac_cv_path_GREP=/bin/grep
ac_cv_path_install='/usr/bin/install -c'
ac_cv_path_mkdir=/bin/mkdir
ac_cv_prog_AWK=gawk
ac_cv_prog_CPP='gcc -E'
ac_cv_prog_ac_ct_CC=gcc
ac_cv_prog_cc_c89=
ac_cv_prog_cc_g=yes
ac_cv_prog_make_make_set=yes
ac_cv_search_MD5_Init=-lcrypto
ac_cv_search_sqrt=-lm
am_cv_CC_dependencies_compiler_type=gcc3
am_cv_make_support_nested_variables=yes
am_cv_prog_cc_c_o=yes

## ----------------- ##
## Output variables. ##
## ----------------- ##

ACLOCAL='${SHELL} /mnt/c/Users/e.zippo/Desktop/Università/Tesi/codice_lattice_su2/lattice-su2/su2/missing aclocal-1.15'
AMDEPBACKSLASH='\'
AMDEP_FALSE='#'
AMDEP_TRUE=''
AMTAR='$${TAR-tar}'
AM_BACKSLASH='\'
AM_DEFAULT_V='$(AM_DEFAULT_VERBOSITY)'
AM_DEFAULT_VERBOSITY='1'
AM_V='$(V)'
AUTOCONF='${SHELL} /mnt/c/Users/e.zippo/Desktop/Università/Tesi/codice_lattice_su2/lattice-su2/su2/missing autoconf'
AUTOHEADER='${SHELL} /mnt/c/Users/e.zippo/Desktop/Università/Tesi/codice_lattice_su2/lattice-su2/su2/missing autoheader'
AUTOMAKE='${SHELL} /mnt/c/Users/e.zippo/Desktop/Università/Tesi/codice_lattice_su2/lattice-su2/su2/missing automake-1.15'
AWK='gawk'
CC='gcc'
CCDEPMODE='depmode=gcc3'
CFLAGS=''
CPP='gcc -E'
CPPFLAGS='-DDEBUG'
CYGPATH_W='echo'
DEFS='-DHAVE_CONFIG_H'
DEPDIR='.deps'
ECHO_C=''
ECHO_N='-n'
ECHO_T=''
EGREP='/bin/grep -E'
EXEEXT=''
GREP='/bin/grep'
INSTALL_DATA='${INSTALL} -m 644'
INSTALL_PROGRAM='${INSTALL}'
INSTALL_SCRIPT='${INSTALL}'
INSTALL_STRIP_PROGRAM='$(install_sh) -c -s'
LDFLAGS=''
LIBOBJS=''
LIBS='-lm -lcrypto '
LTLIBOBJS=''
MAKEINFO='${SHELL} /mnt/c/Users/e.zippo/Desktop/Università/Tesi/codice_lattice_su2/lattice-su2/su2/missing makeinfo'
MKDIR_P='/bin/mkdir -p'
Num_threads=''
OBJEXT='o'
OPENMP_CFLAGS=''
PACKAGE='su2'
PACKAGE_BUGREPORT='emanuele.zippo@gmail.com'
PACKAGE_NAME='su2'
PACKAGE_STRING='su2 1.2.0'
PACKAGE_TARNAME='su2'
PACKAGE_URL=''
PACKAGE_VERSION='1.2.0'
PATH_SEPARATOR=':'
SET_MAKE=''
SHELL='/bin/bash'
STRIP=''
ST_dim=''
VERSION='1.2.0'
ac_ct_CC='gcc'
am__EXEEXT_FALSE=''
am__EXEEXT_TRUE='#'
am__fastdepCC_FALSE='#'
am__fastdepCC_TRUE=''
am__include='include'
am__isrc=''
am__leading_dot='.'
am__nodep='_no'
am__quote=''
am__tar='$${TAR-tar} chof - "$$tardir"'
am__untar='$${TAR-tar} xf -'
bindir='${exec_prefix}/bin'
build_alias=''
datadir='${datarootdir}'
datarootdir='${prefix}/share'
docdir='${datarootdir}/doc/${PACKAGE_TARNAME}'
dvidir='${docdir}'
exec_prefix='${prefix}'
host_alias=''
htmldir='${docdir}'
includedir='${prefix}/include'
infodir='${datarootdir}/info'
install_sh='${SHELL} /mnt/c/Users/e.zippo/Desktop/Università/Tesi/codice_lattice_su2/lattice-su2/su2/install-sh'
libdir='${exec_prefix}/lib'
libexecdir='${exec_prefix}/libexec'
localedir='${datarootdir}/locale'
localstatedir='${prefix}/var'
mandir='${datarootdir}/man'
mkdir_p='$(MKDIR_P)'
oldincludedir='/usr/include'
pdfdir='${docdir}'
prefix='/usr/local'
program_transform_name='s,x,x,'
psdir='${docdir}'
runstatedir='${localstatedir}/run'
sbindir='${exec_prefix}/sbin'
sharedstatedir='${prefix}/com'
sysconfdir='${prefix}/etc'
target_alias=''

## ----------- ##
## confdefs.h. ##
## ----------- ##

/* confdefs.h */
#define PACKAGE_NAME "su2"
#define PACKAGE_TARNAME "su2"
#define PACKAGE_VERSION "1.2.0"
#define PACKAGE_STRING "su2 1.2.0"
#define PACKAGE_BUGREPORT "emanuele.zippo@gmail.com"
#define PACKAGE_URL ""
#define PACKAGE "su2"
#define VERSION "1.2.0"
#define STDC_HEADERS 1
#define HAVE_SYS_TYPES_H 1
#define HAVE_SYS_STAT_H 1
#define HAVE_STDLIB_H 1
#define HAVE_STRING_H 1
#define HAVE_MEMORY_H 1
#define HAVE_STRINGS_H 1
#define HAVE_INTTYPES_H 1
#define HAVE_STDINT_H 1
#define HAVE_UNISTD_H 1
#define HAVE_COMPLEX_H 1
#define HAVE_LIMITS_H 1
#define HAVE_MATH_H 1
#define HAVE_OPENSSL_MD5_H 1
#define HAVE_STDIO_H 1
#define HAVE_STDLIB_H 1
#define HAVE_TIME_H 1
#define NTHREADS 1
#define STDIM 4

configure: exit 0
